\BOOKMARK [1][-]{section.0.1}{1 Programming}{}% 1
\BOOKMARK [0][-]{part.1}{I Implementation}{}% 2
\BOOKMARK [1][-]{section.1.1}{1 Front Matter}{part.1}% 3
\BOOKMARK [1][-]{section.1.2}{2 Load expl3 Package}{part.1}% 4
\BOOKMARK [1][-]{section.1.3}{3 Identification and Defaults}{part.1}% 5
\BOOKMARK [1][-]{section.1.4}{4 Options}{part.1}% 6
\BOOKMARK [1][-]{section.1.5}{5 Package Loads}{part.1}% 7
\BOOKMARK [1][-]{section.1.6}{6 Programming}{part.1}% 8
\BOOKMARK [2][-]{subsection.1.6.1}{6.1 Core Programming Systems}{section.1.6}% 9
\BOOKMARK [3][-]{subsubsection.1.6.1.1}{6.1.1 Boolean System}{subsection.1.6.1}% 10
\BOOKMARK [3][-]{subsubsection.1.6.1.2}{6.1.2 Length System}{subsection.1.6.1}% 11
\BOOKMARK [3][-]{subsubsection.1.6.1.3}{6.1.3 Counter System}{subsection.1.6.1}% 12
\BOOKMARK [3][-]{subsubsection.1.6.1.4}{6.1.4 CSV System}{subsection.1.6.1}% 13
\BOOKMARK [3][-]{subsubsection.1.6.1.5}{6.1.5 Collections}{subsection.1.6.1}% 14
\BOOKMARK [3][-]{subsubsection.1.6.1.6}{6.1.6 Stack System}{subsection.1.6.1}% 15
\BOOKMARK [3][-]{subsubsection.1.6.1.7}{6.1.7 Queue System}{subsection.1.6.1}% 16
\BOOKMARK [3][-]{subsubsection.1.6.1.8}{6.1.8 Deque System}{subsection.1.6.1}% 17
\BOOKMARK [3][-]{subsubsection.1.6.1.9}{6.1.9 Hash System}{subsection.1.6.1}% 18
\BOOKMARK [2][-]{subsection.1.6.2}{6.2 LaTeX2e Abstractions}{section.1.6}% 19
\BOOKMARK [3][-]{subsubsection.1.6.2.1}{6.2.1 Utility Commands}{subsection.1.6.2}% 20
\BOOKMARK [3][-]{subsubsection.1.6.2.2}{6.2.2 Command Creator System}{subsection.1.6.2}% 21
\BOOKMARK [3][-]{subsubsection.1.6.2.3}{6.2.3 Core System Aliases}{subsection.1.6.2}% 22
